# cancer-recog-apoptosis — run log
# step          : rung23_autonomous
# utc           : 20260607T225306Z
# commit_short  : 3ab4afd  (+uncommitted changes)
# commit_full   : 3ab4afd037511a105d057632587f7b322a8acae2
# branch        : main
# python        : 3.12.13
# platform      : Linux-6.6.122+-x86_64-with-glibc2.35
#================================================================

$ /usr/bin/python3 -u scripts/49_autonomous_andgate.py selftest
  [PASS] PROLIF fires where its panel present
  [PASS] GLYCOLYSIS fires only in cell 1
  [PASS] AND requires both
  [PASS] OR requires either
  [PASS] single = program
  [PASS] single PROLIF LEAKS into vital (worst_leak==1.0)
  [PASS] AND(PROLIF,GLYCOLYSIS) spares vital (leak==0)
  [PASS] AND covers tumour (coverage==1.0)
  [PASS] AND is safe&effective, single PROLIF is NOT
  [PASS] non-measuring dataset excluded (tumour count unchanged)

  selftest: 10/10 passed
[exit 0]

$ /usr/bin/python3 -u scripts/49_autonomous_andgate.py run
[+    3.8s] [rung23] opening Census 2024-07-01 ...
[+    7.2s] [rung23] normal heart: materialising 38 genes for 29,401 cells ...
/content/cancer-recog-apoptosis/scripts/49_autonomous_andgate.py:221: FutureWarning: The argument `column_names` is deprecated and will be removed in a future release. Please use `obs_column_names` and `var_column_names` instead.
  ad = cellxgene_census.get_anndata(census, organism="Homo sapiens", obs_coords=sel.tolist(),
[+   20.0s] [heartbeat] normal heart: materialising 38 genes for 29,401 cells ...
/usr/lib/python3.12/functools.py:912: ImplicitModificationWarning: Transforming to str index.
  return dispatch(args[0].__class__)(*args, **kw)
/usr/lib/python3.12/functools.py:912: ImplicitModificationWarning: Transforming to str index.
  return dispatch(args[0].__class__)(*args, **kw)
[+   40.0s] [heartbeat] normal heart: materialising 38 genes for 29,401 cells ...
[+   44.1s] [rung23] normal brain: materialising 38 genes for 392,074 cells ...
/content/cancer-recog-apoptosis/scripts/49_autonomous_andgate.py:221: FutureWarning: The argument `column_names` is deprecated and will be removed in a future release. Please use `obs_column_names` and `var_column_names` instead.
  ad = cellxgene_census.get_anndata(census, organism="Homo sapiens", obs_coords=sel.tolist(),
[+   60.1s] [heartbeat] normal brain: materialising 38 genes for 392,074 cells ...
[+   80.2s] [heartbeat] normal brain: materialising 38 genes for 392,074 cells ...
[+  100.2s] [heartbeat] normal brain: materialising 38 genes for 392,074 cells ...
[+  120.2s] [heartbeat] normal brain: materialising 38 genes for 392,074 cells ...
[+  140.6s] [heartbeat] normal brain: materialising 38 genes for 392,074 cells ...
[+  160.6s] [heartbeat] normal brain: materialising 38 genes for 392,074 cells ...
[+  181.5s] [heartbeat] normal brain: materialising 38 genes for 392,074 cells ...
[+  201.7s] [heartbeat] normal brain: materialising 38 genes for 392,074 cells ...
[+  221.7s] [heartbeat] normal brain: materialising 38 genes for 392,074 cells ...
[+  241.7s] [heartbeat] normal brain: materialising 38 genes for 392,074 cells ...
[+  261.7s] [heartbeat] normal brain: materialising 38 genes for 392,074 cells ...
/usr/lib/python3.12/functools.py:912: ImplicitModificationWarning: Transforming to str index.
  return dispatch(args[0].__class__)(*args, **kw)
/usr/lib/python3.12/functools.py:912: ImplicitModificationWarning: Transforming to str index.
  return dispatch(args[0].__class__)(*args, **kw)
[+  281.8s] [heartbeat] normal brain: materialising 38 genes for 392,074 cells ...
[+  284.1s] [rung23] normal kidney: materialising 38 genes for 72,887 cells ...
/content/cancer-recog-apoptosis/scripts/49_autonomous_andgate.py:221: FutureWarning: The argument `column_names` is deprecated and will be removed in a future release. Please use `obs_column_names` and `var_column_names` instead.
  ad = cellxgene_census.get_anndata(census, organism="Homo sapiens", obs_coords=sel.tolist(),
[+  301.9s] [heartbeat] normal kidney: materialising 38 genes for 72,887 cells ...
/usr/lib/python3.12/functools.py:912: ImplicitModificationWarning: Transforming to str index.
  return dispatch(args[0].__class__)(*args, **kw)
/usr/lib/python3.12/functools.py:912: ImplicitModificationWarning: Transforming to str index.
  return dispatch(args[0].__class__)(*args, **kw)
[+  317.1s] [rung23] normal liver: materialising 38 genes for 82,417 cells ...
/content/cancer-recog-apoptosis/scripts/49_autonomous_andgate.py:221: FutureWarning: The argument `column_names` is deprecated and will be removed in a future release. Please use `obs_column_names` and `var_column_names` instead.
  ad = cellxgene_census.get_anndata(census, organism="Homo sapiens", obs_coords=sel.tolist(),
[+  322.0s] [heartbeat] normal liver: materialising 38 genes for 82,417 cells ...
[+  342.0s] [heartbeat] normal liver: materialising 38 genes for 82,417 cells ...
/usr/lib/python3.12/functools.py:912: ImplicitModificationWarning: Transforming to str index.
  return dispatch(args[0].__class__)(*args, **kw)
/usr/lib/python3.12/functools.py:912: ImplicitModificationWarning: Transforming to str index.
  return dispatch(args[0].__class__)(*args, **kw)
[+  347.5s] [rung23] normal lung: materialising 38 genes for 159,435 cells ...
/content/cancer-recog-apoptosis/scripts/49_autonomous_andgate.py:221: FutureWarning: The argument `column_names` is deprecated and will be removed in a future release. Please use `obs_column_names` and `var_column_names` instead.
  ad = cellxgene_census.get_anndata(census, organism="Homo sapiens", obs_coords=sel.tolist(),
[+  362.4s] [heartbeat] normal lung: materialising 38 genes for 159,435 cells ...
[+  382.4s] [heartbeat] normal lung: materialising 38 genes for 159,435 cells ...
[+  402.5s] [heartbeat] normal lung: materialising 38 genes for 159,435 cells ...
[+  422.6s] [heartbeat] normal lung: materialising 38 genes for 159,435 cells ...
[+  442.6s] [heartbeat] normal lung: materialising 38 genes for 159,435 cells ...
[+  462.6s] [heartbeat] normal lung: materialising 38 genes for 159,435 cells ...
[+  482.6s] [heartbeat] normal lung: materialising 38 genes for 159,435 cells ...
[+  502.7s] [heartbeat] normal lung: materialising 38 genes for 159,435 cells ...
[+  522.7s] [heartbeat] normal lung: materialising 38 genes for 159,435 cells ...
[+  542.7s] [heartbeat] normal lung: materialising 38 genes for 159,435 cells ...
[+  562.7s] [heartbeat] normal lung: materialising 38 genes for 159,435 cells ...
[+  582.7s] [heartbeat] normal lung: materialising 38 genes for 159,435 cells ...
[+  602.8s] [heartbeat] normal lung: materialising 38 genes for 159,435 cells ...
[+  622.8s] [heartbeat] normal lung: materialising 38 genes for 159,435 cells ...
/usr/lib/python3.12/functools.py:912: ImplicitModificationWarning: Transforming to str index.
  return dispatch(args[0].__class__)(*args, **kw)
/usr/lib/python3.12/functools.py:912: ImplicitModificationWarning: Transforming to str index.
  return dispatch(args[0].__class__)(*args, **kw)
[+  636.9s] [rung23] normal bone marrow: materialising 38 genes for 31,703 cells ...
/content/cancer-recog-apoptosis/scripts/49_autonomous_andgate.py:221: FutureWarning: The argument `column_names` is deprecated and will be removed in a future release. Please use `obs_column_names` and `var_column_names` instead.
  ad = cellxgene_census.get_anndata(census, organism="Homo sapiens", obs_coords=sel.tolist(),
[+  642.9s] [heartbeat] normal bone marrow: materialising 38 genes for 31,703 cells ...
/usr/lib/python3.12/functools.py:912: ImplicitModificationWarning: Transforming to str index.
  return dispatch(args[0].__class__)(*args, **kw)
/usr/lib/python3.12/functools.py:912: ImplicitModificationWarning: Transforming to str index.
  return dispatch(args[0].__class__)(*args, **kw)
[+  657.5s] [rung23] normal pancreas: materialising 38 genes for 24,031 cells ...
/content/cancer-recog-apoptosis/scripts/49_autonomous_andgate.py:221: FutureWarning: The argument `column_names` is deprecated and will be removed in a future release. Please use `obs_column_names` and `var_column_names` instead.
  ad = cellxgene_census.get_anndata(census, organism="Homo sapiens", obs_coords=sel.tolist(),
[+  662.9s] [heartbeat] normal pancreas: materialising 38 genes for 24,031 cells ...
/usr/lib/python3.12/functools.py:912: ImplicitModificationWarning: Transforming to str index.
  return dispatch(args[0].__class__)(*args, **kw)
/usr/lib/python3.12/functools.py:912: ImplicitModificationWarning: Transforming to str index.
  return dispatch(args[0].__class__)(*args, **kw)
[+  672.0s] [rung23] normal adrenal gland: materialising 38 genes for 9,600 cells ...
/content/cancer-recog-apoptosis/scripts/49_autonomous_andgate.py:221: FutureWarning: The argument `column_names` is deprecated and will be removed in a future release. Please use `obs_column_names` and `var_column_names` instead.
  ad = cellxgene_census.get_anndata(census, organism="Homo sapiens", obs_coords=sel.tolist(),
/usr/lib/python3.12/functools.py:912: ImplicitModificationWarning: Transforming to str index.
  return dispatch(args[0].__class__)(*args, **kw)
/usr/lib/python3.12/functools.py:912: ImplicitModificationWarning: Transforming to str index.
  return dispatch(args[0].__class__)(*args, **kw)
[+  683.0s] [heartbeat] normal adrenal gland: materialising 38 genes for 9,600 cells ...
[+  684.2s] [rung23] malignant: materialising 38 genes for 152,773 cells ...
/content/cancer-recog-apoptosis/scripts/49_autonomous_andgate.py:221: FutureWarning: The argument `column_names` is deprecated and will be removed in a future release. Please use `obs_column_names` and `var_column_names` instead.
  ad = cellxgene_census.get_anndata(census, organism="Homo sapiens", obs_coords=sel.tolist(),
[+  703.0s] [heartbeat] malignant: materialising 38 genes for 152,773 cells ...
[+  723.0s] [heartbeat] malignant: materialising 38 genes for 152,773 cells ...
[+  743.1s] [heartbeat] malignant: materialising 38 genes for 152,773 cells ...
[+  763.3s] [heartbeat] malignant: materialising 38 genes for 152,773 cells ...
[+  783.6s] [heartbeat] malignant: materialising 38 genes for 152,773 cells ...
[+  803.6s] [heartbeat] malignant: materialising 38 genes for 152,773 cells ...
[+  823.6s] [heartbeat] malignant: materialising 38 genes for 152,773 cells ...
/usr/lib/python3.12/functools.py:912: ImplicitModificationWarning: Transforming to str index.
  return dispatch(args[0].__class__)(*args, **kw)
/usr/lib/python3.12/functools.py:912: ImplicitModificationWarning: Transforming to str index.
  return dispatch(args[0].__class__)(*args, **kw)
[+  833.2s] [rung23] total 954,321 cells; vital 309,497; tumour 152,773
[+ 2288.6s] [rung23] wrote /content/cancer-recog-apoptosis/runs/rung23_autonomous/rung23_autonomous.json
[+ 2288.6s] [rung23] safe&effective: []
[+ 2291.1s] [rung23] wrote /content/cancer-recog-apoptosis/runs/rung23_autonomous/rung23_autonomous.png
[exit 0]
