# cancer-recog-apoptosis — run log
# step          : rung23_autonomous
# utc           : 20260609T143250Z
# commit_short  : 64a59b6
# commit_full   : 64a59b666a5d4bb9f4a701da6bcff6aec1d1fee2
# branch        : main
# python        : 3.12.13
# platform      : Linux-6.6.122+-x86_64-with-glibc2.35
#================================================================

$ /usr/bin/python3 -u scripts/49_autonomous_andgate.py selftest
  [PASS] PROLIF fires in both (panel present)
  [PASS] depth gate: deep cell well-seq, shallow NOT
  [PASS] AND requires both
  [PASS] OR requires either
  [PASS] single-donor artifact: worst_donor_leak high (1.0)
  [PASS] ROBUST p90 leak resists the 1/10 outlier (<=0.1)
  [PASS] worst_type reported (cardiomyocyte = post-mitotic flag)
  [PASS] AND covers tumour (cov==1)
  [PASS] AND clean (p90 leak 0)
  [PASS] AND safe&effective, single PROLIF not (robust)
  [PASS] shallow tumour cells excluded by depth gate

  selftest: 11/11 passed
[exit 0]

$ pip cellxgene-census
     ━━━━━━━━━━━━━━━━━━━━━━━━━━━━━━━━━━━━━━━━ 91.2/91.2 kB 3.6 MB/s eta 0:00:00
   ━━━━━━━━━━━━━━━━━━━━━━━━━━━━━━━━━━━━━━━━ 55.6/55.6 kB 3.9 MB/s eta 0:00:00
   ━━━━━━━━━━━━━━━━━━━━━━━━━━━━━━━━━━━━━━━━ 203.4/203.4 kB 9.2 MB/s eta 0:00:00
   ━━━━━━━━━━━━━━━━━━━━━━━━━━━━━━━━━━━━━━━━ 22.3/22.3 MB 53.0 MB/s eta 0:00:00
   ━━━━━━━━━━━━━━━━━━━━━━━━━━━━━━━━━━━━━━━━ 175.3/175.3 kB 12.1 MB/s eta 0:00:00
   ━━━━━━━━━━━━━━━━━━━━━━━━━━━━━━━━━━━━━━━━ 89.5/89.5 kB 6.9 MB/s eta 0:00:00
   ━━━━━━━━━━━━━━━━━━━━━━━━━━━━━━━━━━━━━━━━ 79.1/79.1 kB 5.1 MB/s eta 0:00:00
   ━━━━━━━━━━━━━━━━━━━━━━━━━━━━━━━━━━━━━━━━ 2.1/2.1 MB 58.0 MB/s eta 0:00:00
   ━━━━━━━━━━━━━━━━━━━━━━━━━━━━━━━━━━━━━━━━ 12.4/12.4 MB 84.6 MB/s eta 0:00:00
   ━━━━━━━━━━━━━━━━━━━━━━━━━━━━━━━━━━━━━━━━ 319.6/319.6 kB 13.5 MB/s eta 0:00:00
   ━━━━━━━━━━━━━━━━━━━━━━━━━━━━━━━━━━━━━━━━ 15.0/15.0 MB 68.2 MB/s eta 0:00:00
   ━━━━━━━━━━━━━━━━━━━━━━━━━━━━━━━━━━━━━━━━ 9.2/9.2 MB 109.9 MB/s eta 0:00:00
ERROR: pip's dependency resolver does not currently take into account all the packages that are installed. This behaviour is the source of the following dependency conflicts.
google-colab 1.0.0 requires pandas==2.2.2, but you have pandas 2.3.3 which is incompatible.
gcsfs 2025.3.0 requires fsspec==2025.3.0, but you have fsspec 2026.4.0 which is incompatible.
datasets 4.0.0 requires fsspec[http]<=2025.3.0,>=2023.1.0, but you have fsspec 2026.4.0 which is incompatible.
[exit 0]

$ /usr/bin/python3 -u scripts/49_autonomous_andgate.py run
[+    4.0s] [rung23] opening Census 2024-07-01 ...
[+    9.8s] [rung23] normal heart: materialising 44 genes for 29,401 cells ...
[+   20.0s] [heartbeat] normal heart: materialising 44 genes for 29,401 cells ...
[+   40.0s] [heartbeat] normal heart: materialising 44 genes for 29,401 cells ...
/usr/lib/python3.12/functools.py:912: ImplicitModificationWarning: Transforming to str index.
  return dispatch(args[0].__class__)(*args, **kw)
/usr/lib/python3.12/functools.py:912: ImplicitModificationWarning: Transforming to str index.
  return dispatch(args[0].__class__)(*args, **kw)
[+   60.1s] [heartbeat] normal heart: materialising 44 genes for 29,401 cells ...
[+   63.9s] [rung23] normal brain: materialising 44 genes for 392,074 cells ...
[+   80.7s] [heartbeat] normal brain: materialising 44 genes for 392,074 cells ...
[+  100.7s] [heartbeat] normal brain: materialising 44 genes for 392,074 cells ...
[+  120.8s] [heartbeat] normal brain: materialising 44 genes for 392,074 cells ...
[+  140.8s] [heartbeat] normal brain: materialising 44 genes for 392,074 cells ...
[+  160.8s] [heartbeat] normal brain: materialising 44 genes for 392,074 cells ...
[+  180.8s] [heartbeat] normal brain: materialising 44 genes for 392,074 cells ...
[+  200.9s] [heartbeat] normal brain: materialising 44 genes for 392,074 cells ...
[+  221.2s] [heartbeat] normal brain: materialising 44 genes for 392,074 cells ...
[+  241.2s] [heartbeat] normal brain: materialising 44 genes for 392,074 cells ...
[+  261.2s] [heartbeat] normal brain: materialising 44 genes for 392,074 cells ...
[+  281.3s] [heartbeat] normal brain: materialising 44 genes for 392,074 cells ...
[+  301.4s] [heartbeat] normal brain: materialising 44 genes for 392,074 cells ...
[+  321.4s] [heartbeat] normal brain: materialising 44 genes for 392,074 cells ...
[+  341.4s] [heartbeat] normal brain: materialising 44 genes for 392,074 cells ...
[+  361.4s] [heartbeat] normal brain: materialising 44 genes for 392,074 cells ...
[+  381.4s] [heartbeat] normal brain: materialising 44 genes for 392,074 cells ...
[+  401.4s] [heartbeat] normal brain: materialising 44 genes for 392,074 cells ...
[+  421.4s] [heartbeat] normal brain: materialising 44 genes for 392,074 cells ...
[+  441.4s] [heartbeat] normal brain: materialising 44 genes for 392,074 cells ...
[+  461.4s] [heartbeat] normal brain: materialising 44 genes for 392,074 cells ...
[+  481.5s] [heartbeat] normal brain: materialising 44 genes for 392,074 cells ...
[+  501.5s] [heartbeat] normal brain: materialising 44 genes for 392,074 cells ...
/usr/lib/python3.12/functools.py:912: ImplicitModificationWarning: Transforming to str index.
  return dispatch(args[0].__class__)(*args, **kw)
/usr/lib/python3.12/functools.py:912: ImplicitModificationWarning: Transforming to str index.
  return dispatch(args[0].__class__)(*args, **kw)
[+  521.6s] [heartbeat] normal brain: materialising 44 genes for 392,074 cells ...
[+  521.9s] [rung23] normal kidney: materialising 44 genes for 72,887 cells ...
[+  541.7s] [heartbeat] normal kidney: materialising 44 genes for 72,887 cells ...
[+  561.7s] [heartbeat] normal kidney: materialising 44 genes for 72,887 cells ...
[+  581.7s] [heartbeat] normal kidney: materialising 44 genes for 72,887 cells ...
/usr/lib/python3.12/functools.py:912: ImplicitModificationWarning: Transforming to str index.
  return dispatch(args[0].__class__)(*args, **kw)
/usr/lib/python3.12/functools.py:912: ImplicitModificationWarning: Transforming to str index.
  return dispatch(args[0].__class__)(*args, **kw)
[+  590.7s] [rung23] normal liver: materialising 44 genes for 82,417 cells ...
[+  601.9s] [heartbeat] normal liver: materialising 44 genes for 82,417 cells ...
[+  621.9s] [heartbeat] normal liver: materialising 44 genes for 82,417 cells ...
[+  641.9s] [heartbeat] normal liver: materialising 44 genes for 82,417 cells ...
/usr/lib/python3.12/functools.py:912: ImplicitModificationWarning: Transforming to str index.
  return dispatch(args[0].__class__)(*args, **kw)
/usr/lib/python3.12/functools.py:912: ImplicitModificationWarning: Transforming to str index.
  return dispatch(args[0].__class__)(*args, **kw)
[+  662.1s] [heartbeat] normal liver: materialising 44 genes for 82,417 cells ...
[+  669.9s] [rung23] normal lung: materialising 44 genes for 159,435 cells ...
[+  682.2s] [heartbeat] normal lung: materialising 44 genes for 159,435 cells ...
[+  702.2s] [heartbeat] normal lung: materialising 44 genes for 159,435 cells ...
[+  722.2s] [heartbeat] normal lung: materialising 44 genes for 159,435 cells ...
[+  742.2s] [heartbeat] normal lung: materialising 44 genes for 159,435 cells ...
[+  762.2s] [heartbeat] normal lung: materialising 44 genes for 159,435 cells ...
[+  782.3s] [heartbeat] normal lung: materialising 44 genes for 159,435 cells ...
[+  802.3s] [heartbeat] normal lung: materialising 44 genes for 159,435 cells ...
[+  822.3s] [heartbeat] normal lung: materialising 44 genes for 159,435 cells ...
[+  842.3s] [heartbeat] normal lung: materialising 44 genes for 159,435 cells ...
[+  862.3s] [heartbeat] normal lung: materialising 44 genes for 159,435 cells ...
[+  882.3s] [heartbeat] normal lung: materialising 44 genes for 159,435 cells ...
[+  902.3s] [heartbeat] normal lung: materialising 44 genes for 159,435 cells ...
[+  922.4s] [heartbeat] normal lung: materialising 44 genes for 159,435 cells ...
[+  942.4s] [heartbeat] normal lung: materialising 44 genes for 159,435 cells ...
[+  962.4s] [heartbeat] normal lung: materialising 44 genes for 159,435 cells ...
[+  982.4s] [heartbeat] normal lung: materialising 44 genes for 159,435 cells ...
[+ 1002.4s] [heartbeat] normal lung: materialising 44 genes for 159,435 cells ...
[+ 1022.4s] [heartbeat] normal lung: materialising 44 genes for 159,435 cells ...
[+ 1042.4s] [heartbeat] normal lung: materialising 44 genes for 159,435 cells ...
[+ 1062.5s] [heartbeat] normal lung: materialising 44 genes for 159,435 cells ...
[+ 1082.5s] [heartbeat] normal lung: materialising 44 genes for 159,435 cells ...
[+ 1102.5s] [heartbeat] normal lung: materialising 44 genes for 159,435 cells ...
[+ 1122.5s] [heartbeat] normal lung: materialising 44 genes for 159,435 cells ...
[+ 1142.5s] [heartbeat] normal lung: materialising 44 genes for 159,435 cells ...
/usr/lib/python3.12/functools.py:912: ImplicitModificationWarning: Transforming to str index.
  return dispatch(args[0].__class__)(*args, **kw)
/usr/lib/python3.12/functools.py:912: ImplicitModificationWarning: Transforming to str index.
  return dispatch(args[0].__class__)(*args, **kw)
[+ 1162.5s] [heartbeat] normal lung: materialising 44 genes for 159,435 cells ...
[+ 1163.6s] [rung23] normal bone marrow: materialising 44 genes for 31,703 cells ...
[+ 1182.6s] [heartbeat] normal bone marrow: materialising 44 genes for 31,703 cells ...
/usr/lib/python3.12/functools.py:912: ImplicitModificationWarning: Transforming to str index.
  return dispatch(args[0].__class__)(*args, **kw)
/usr/lib/python3.12/functools.py:912: ImplicitModificationWarning: Transforming to str index.
  return dispatch(args[0].__class__)(*args, **kw)
[+ 1197.9s] [rung23] normal pancreas: materialising 44 genes for 24,031 cells ...
[+ 1202.6s] [heartbeat] normal pancreas: materialising 44 genes for 24,031 cells ...
[+ 1222.6s] [heartbeat] normal pancreas: materialising 44 genes for 24,031 cells ...
/usr/lib/python3.12/functools.py:912: ImplicitModificationWarning: Transforming to str index.
  return dispatch(args[0].__class__)(*args, **kw)
/usr/lib/python3.12/functools.py:912: ImplicitModificationWarning: Transforming to str index.
  return dispatch(args[0].__class__)(*args, **kw)
[+ 1227.6s] [rung23] normal adrenal gland: materialising 44 genes for 9,600 cells ...
[+ 1242.7s] [heartbeat] normal adrenal gland: materialising 44 genes for 9,600 cells ...
/usr/lib/python3.12/functools.py:912: ImplicitModificationWarning: Transforming to str index.
  return dispatch(args[0].__class__)(*args, **kw)
/usr/lib/python3.12/functools.py:912: ImplicitModificationWarning: Transforming to str index.
  return dispatch(args[0].__class__)(*args, **kw)
[+ 1254.7s] [rung23] malignant: materialising 44 genes for 152,773 cells ...
[+ 1262.9s] [heartbeat] malignant: materialising 44 genes for 152,773 cells ...
[+ 1283.0s] [heartbeat] malignant: materialising 44 genes for 152,773 cells ...
[+ 1303.0s] [heartbeat] malignant: materialising 44 genes for 152,773 cells ...
[+ 1323.0s] [heartbeat] malignant: materialising 44 genes for 152,773 cells ...
[+ 1343.1s] [heartbeat] malignant: materialising 44 genes for 152,773 cells ...
[+ 1363.1s] [heartbeat] malignant: materialising 44 genes for 152,773 cells ...
[+ 1383.1s] [heartbeat] malignant: materialising 44 genes for 152,773 cells ...
[+ 1403.1s] [heartbeat] malignant: materialising 44 genes for 152,773 cells ...
[+ 1423.1s] [heartbeat] malignant: materialising 44 genes for 152,773 cells ...
[+ 1443.2s] [heartbeat] malignant: materialising 44 genes for 152,773 cells ...
[+ 1463.2s] [heartbeat] malignant: materialising 44 genes for 152,773 cells ...
[+ 1483.2s] [heartbeat] malignant: materialising 44 genes for 152,773 cells ...
[+ 1503.2s] [heartbeat] malignant: materialising 44 genes for 152,773 cells ...
[+ 1523.2s] [heartbeat] malignant: materialising 44 genes for 152,773 cells ...
[+ 1543.2s] [heartbeat] malignant: materialising 44 genes for 152,773 cells ...
/usr/lib/python3.12/functools.py:912: ImplicitModificationWarning: Transforming to str index.
  return dispatch(args[0].__class__)(*args, **kw)
/usr/lib/python3.12/functools.py:912: ImplicitModificationWarning: Transforming to str index.
  return dispatch(args[0].__class__)(*args, **kw)
[+ 3963.6s] [rung23] meta: {'n_datasets_measuring': 204, 'n_cells': 954321, 'n_well_sequenced': 665669, 'frac_well_sequenced': 0.6975, 'n_vital_well': 212093, 'n_tumour_well': 135806}
[+ 3963.7s] [rung23] wrote /content/cancer-recog-apoptosis/runs/rung23_autonomous/rung23_autonomous.json
[+ 3963.7s] [rung23] well-sequenced: 69.8%; vital_well 212,093; tumour_well 135,806
[+ 3963.7s] [rung23] safe&effective: NONE
[+ 3963.7s] [rung23] single-program leak audit (is the leak a post-mitotic artifact?):
[+ 3963.7s] [rung23]   GLYCOLYSIS   cov=0.691 p90leak=0.974 worstDonor=1.000 type=kidney_tubule post_mitotic=False
[+ 3963.7s] [rung23]   MYC          cov=0.475 p90leak=0.892 worstDonor=1.000 type=kidney_tubule post_mitotic=False
[+ 3963.7s] [rung23]   HYPOXIA      cov=0.210 p90leak=0.632 worstDonor=0.814 type=pancreatic_islet post_mitotic=True
[+ 3963.7s] [rung23]   PROLIF       cov=0.158 p90leak=0.340 worstDonor=0.658 type=vascular_endothelium post_mitotic=False
[+ 3963.7s] [rung23]   STEMNESS     cov=0.113 p90leak=0.299 worstDonor=0.624 type=pancreatic_islet post_mitotic=True
[+ 3963.7s] [rung23]   E2F          cov=0.047 p90leak=0.047 worstDonor=0.175 type=skeletal_myocyte post_mitotic=True
[+ 3963.7s] [rung23]   WNT          cov=0.025 p90leak=0.023 worstDonor=0.266 type=neuron post_mitotic=True
[+ 3963.7s] [rung23]   TELOMERASE   cov=0.006 p90leak=0.011 worstDonor=0.107 type=neuron post_mitotic=True
[+ 3966.1s] [rung23] wrote /content/cancer-recog-apoptosis/runs/rung23_autonomous/rung23_autonomous.png
[exit 0]
